info: api: get all users 
 {"timestamp":"2021-10-28T00:32:56.307Z"}
info: Api ended 


 {"timestamp":"2021-10-28T00:32:56.521Z"}
info: [object Object],[object Object],[object Object],[object Object],[object Object],[object Object]

 {"timestamp":"2021-10-28T00:32:56.543Z"}
info: api: get all users 
 {"timestamp":"2021-10-28T00:33:08.076Z"}
info: Api ended 


 {"timestamp":"2021-10-28T00:33:08.077Z"}
info: [object Object],[object Object],[object Object],[object Object],[object Object],[object Object]

 {"timestamp":"2021-10-28T00:33:08.082Z"}
info: api: get all users 

info: Api ended 



info: [object Object],[object Object],[object Object],[object Object],[object Object],[object Object]


info: api: get all users 

info: Api ended 



info: [object Object],[object Object],[object Object],[object Object],[object Object],[object Object]


info: api: get all users 

info: Api ended 



info: [object Object],[object Object],[object Object],[object Object],[object Object],[object Object]


info: api: get all users 

info: Api ended 



info: [object Object],[object Object],[object Object],[object Object],[object Object],[object Object]


info: api: get all users 

info: Api ended 



info: [object Object],[object Object],[object Object],[object Object],[object Object],[object Object]


info: api: get all users 

info: Api ended 



info: api: get all users 

info: Api ended 



info: api: get all users 

info: Api ended 



info: api: get all users 

info: Api ended 



info: api: get all users 

info: Api ended 



info: running fine
info: api: Add new user 

info: asdasd
info: sdfsdfsfssdf
info: sdfsdfsdf
info: end of add user api
info: api: get all users 

info: Api ended 



info: no error found
info: api: get all users 

info: Api ended 



info: no error found
info: api: get all users 

info: Api ended 



info: no error found
info: api: get all users 

info: Api ended 



info: no error found
info: api: get all users 

info: Api ended 



info: no error found
info: api: get all users 

info: Api ended 



info: no error found
info: api: get all users 

info: Api ended 



info: no error found
info: api: get all users 

info: Api ended 



info: no error found
info: running fine
info: api: Add new user 

info: asdasdasd
info: asdas
info: asdadds
info: end of add user api
info: api: get all users 

info: Api ended 



info: no error found
info: api: get all users 

info: Api ended 



info: no error found
info: running fine
info: api: Add new user 

info: 
info: 
info: 
info: api: get all users 

info: Api ended 



info: no error found
info: running fine
info: api: Add new user 

info: 
info: 
info: 
info: api: get all users 

info: Api ended 



info: no error found
info: running fine
info: api: Add new user 

info: 
info: 
info: 
info: api: get all users 

info: Api ended 



info: no error found
info: running fine
info: api: Add new user 

info: 
info: 
info: 
info: api: get all users 

info: Api ended 



info: no error found
info: running fine
info: api: Add new user 

info: 
info: 
info: 
info: running fine
info: api: Add new user 

info: undefined
info: undefined
info: undefined
info: running fine
info: api: Add new user 

info: undefined
info: undefined
info: undefined
info: running fine
info: api: Add new user 

info: undefined
info: undefined
info: undefined
info: api: get all users 

info: Api ended 



info: no error found
info: running fine
info: api: Add new user 

info: ehfdsd
info: Veera@gmail.com
info: asdasdas
info: end of add user api
info: api: get all users 

info: Api ended 



info: no error found
info: running fine
info: api: Add new user 

info: sdfsdf
info: sadfasdfa
info: sdafasdfa
info: end of add user api
info: api: get all users 

info: Api ended 



info: no error found
info: api: get all users 

info: Api ended 



info: no error found
info: api: get all users 

info: Api ended 



info: no error found
info: api: get all users 

info: Api ended 



info: no error found
info: api: get all users 

info: Api ended 



info: no error found
info: api: get all users 

info: Api ended 



info: no error found
info: api: get all users 

info: Api ended 



info: no error found
info: api: get all users 

info: Api ended 



info: no error found
info: api: get all users 

info: Api ended 



info: no error found
info: running fine
info: api: Add new user 

info: ehfdsd
info: Veera@gmail.com
info: veera2303
info: end of add user api
info: api: get all users 

info: Api ended 



info: no error found
info: api: get all users 

info: Api ended 



info: no error found
info: running fine
info: api: Add new user 

info: veera
info: Veera2@gmail.com
info: 123qwerq
info: end of add user api
info: api: get all users 

info: Api ended 



info: no error found
info: api: get all users 

info: Api ended 



info: no error found
info: api: get all users 

info: Api ended 



info: no error found
info: api: get all users 

info: Api ended 



info: no error found
info: api: get all users 

info: Api ended 



info: no error found
info: api: get all users 

info: Api ended 



info: no error found
info: api: get all users 

info: Api ended 



info: no error found
info: api: get all users 

info: Api ended 



info: no error found
info: api: get all users 

info: Api ended 



info: no error found
info: running fine
info: api: Add new user 

info: veera
info: Veera@gmail.com
info: 123qwert
info: end of add user api
info: api: get all users 

info: Api ended 



info: no error found
info: running fine
info: api: Add new user 

info: veera
info: Veera@gmail.com
info: 123qwert
info: end of add user api
info: api: get all users 

info: Api ended 



info: no error found
info: api: get all users 

info: Api ended 



info: no error found
info: running fine
info: api: Add new user 

info: ehfdsd
info: Veera@gmail.com
info: 123qwert
info: end of add user api
info: api: get all users 

info: Api ended 



info: no error found
info: running fine
info: api: Add new user 

info: ehfdsd
info: Veera@gmail.com
info: 123qwert
info: end of add user api
info: api: get all users 

info: Api ended 



info: no error found
info: api: get all users 

info: Api ended 



info: no error found
info: running fine
info: api: Add new user 

info: veera
info: Veera@gmail.com
info: 123qwert
info: api: get all users 

info: Api ended 



info: no error found
info: running fine
info: api: Add new user 

info: ehfdsd
info: Veera@gmail.com
info: asdasdasd12
info: api: get all users 

info: Api ended 



info: no error found
info: running fine
info: api: Add new user 

info: ehfdsd
info: Veera@gmail.com
info: 1234qwer
info: end of add user api
info: api: get all users 

info: Api ended 



info: no error found
info: running fine
info: api: Add new user 

info: veera
info: Veera@gmail.com
info: 1234qwer
info: end of add user api
info: api: get all users 

info: Api ended 



info: no error found
info: running fine
info: api: Add new user 

info: ehfdsd
info: Veera@gmail.com
info: 1234qwer
info: end of add user api
info: api: get all users 

info: Api ended 



info: no error found
info: running fine
info: api: Add new user 

info: ehfdsd
info: Veera@gmail.com
info: 1234qwer
info: end of add user api
info: api: get all users 

info: Api ended 



info: no error found
info: api: get all users 

info: Api ended 



info: no error found
info: api: get all users 

info: Api ended 



info: no error found
info: api: get all users 

info: Api ended 



info: no error found
info: api: get all users 

info: Api ended 



info: no error found
info: api: get all users 

info: Api ended 



info: no error found
info: api: get all users 

info: Api ended 



info: no error found
info: api: get all users 

info: Api ended 



info: no error found
info: api: get all users 

info: Api ended 



info: no error found
info: api: get all users 

info: Api ended 



info: no error found
info: api: get all users 

info: Api ended 



info: no error found
info: api: get all users 

info: Api ended 



info: no error found
info: api: get all users 

info: Api ended 



info: no error found
info: api: get all users 

info: Api ended 



info: no error found
info: api: get all users 

info: Api ended 



info: no error found
info: api: get all users 

info: Api ended 



info: no error found
info: running fine
info: api: Add new user 

info: BurnNova_e
info: Veera@gmail.com
info: sadfsdfadfa
info: running fine
info: api: Add new user 

info: BurnNova_e
info: Veera@gmail.com
info: sadfsdfadfa
info: running fine
info: api: Add new user 

info: BurnNova_e
info: Veera@gmail.com
info: sadfsdfadfa
info: end of add user api
info: api: get all users 

info: Api ended 



info: no error found
info: running fine
info: api: Add new user 

info: BurnNova_e
info: Veera@gmail.com
info: sadfsdfadfa
info: end of add user api
info: running fine
info: api: Add new user 

info: BurnNova_e
info: Veera@gmail.com
info: sadfsdfadfa
info: end of add user api
info: api: get all users 

info: Api ended 



info: no error found
info: api: get all users 

info: Api ended 



info: no error found
info: api: get all users 

info: Api ended 



info: no error found
info: api: get all users 

info: Api ended 



info: no error found
info: api: get all users 

info: Api ended 



info: no error found
info: api: get all users 

info: Api ended 



info: no error found
info: running fine
info: api: Add new user 

info: 
info: undefined
info: 
info: 
info: running fine
info: api: Add new user 

info: 
info: undefined
info: 
info: 
info: running fine
info: api: Add new user 

info: ehfdsd
info: undefined
info: 54323444
info: @veera
info: running fine
info: api: Add new user 

info: 
info: undefined
info: 
info: 
info: running fine
info: api: Add new user 

info: ehfdsd
info: undefined
info: 54323444
info: @veera
info: running fine
info: api: Add new user 

info: ehfdsd
info: undefined
info: 54323444
info: @veera
info: running fine
info: api: Add new user 

info: ehfdsd
info: undefined
info: 54323444
info: @veera
info: running fine
info: api: Add new user 

info: ehfdsd
info: undefined
info: 54323444
info: @veera
info: running fine
info: api: Add new user 

info: ehfdsd
info: undefined
info: 54323444
info: @veera
info: running fine
info: api: Add new user 

info: ehfdsd
info: undefined
info: 54323444
info: @veera
info: running fine
info: api: Add new user 

info: ehfdsd
info: undefined
info: 54323444
info: @veera
info: running fine
info: api: Add new user 

info: ehfdsd
info: undefined
info: 54323444
info: @veera
info: running fine
info: api: Add new user 

info: 
info: undefined
info: 
info: 
info: running fine
info: api: Add new user 

info: 
info: undefined
info: 
info: 
info: running fine
info: api: Add new user 

info: 
info: undefined
info: 
info: 
info: running fine
info: api: Add new user 

info: 
info: undefined
info: 
info: 
info: running fine
info: api: Add new user 

info: 
info: undefined
info: 
info: 
info: running fine
info: api: Add new user 

info: 
info: undefined
info: 
info: 
info: running fine
info: api: Add new user 

info: 
info: undefined
info: 
info: 
info: running fine
info: api: Add new user 

info: 
info: undefined
info: 
info: 
info: running fine
info: api: Add new user 

info: 
info: undefined
info: 
info: 
info: running fine
info: api: Add new user 

info: BurnNova_e
info: Veera@gmail.com
info: undefined
info: undefined
info: end of add user api
info: running fine
info: api: Add new user 

info: 
info: undefined
info: 
info: 
info: running fine
info: api: Add new user 

info: 
info: undefined
info: 
info: 
info: running fine
info: api: Add new user 

info: 
info: undefined
info: 
info: 
info: running fine
info: api: Add new user 

info: 
info: undefined
info: 
info: 
info: running fine
info: api: Add new user 

info: 
info: undefined
info: 
info: 
info: running fine
info: api: Add new user 

info: 
info: undefined
info: 
info: 
info: running fine
info: api: Add new user 

info: 
info: undefined
info: 
info: 
info: running fine
info: api: Add new user 

info: 
info: undefined
info: 
info: 
info: running fine
info: api: Add new user 

info: 
info: undefined
info: 
info: 
info: running fine
info: api: Add new user 

info: 
info: undefined
info: 
info: 
info: running fine
info: api: Add new user 

info: 
info: undefined
info: 
info: 
info: running fine
info: api: Add new user 

info: 
info: undefined
info: 
info: 
info: running fine
info: api: Add new user 

info: 
info: undefined
info: 
info: 
info: running fine
info: api: Add new user 

info: 
info: undefined
info: 
info: 
info: running fine
info: api: Add new user 

info: 
info: undefined
info: 
info: 
info: running fine
info: api: Add new user 

info: 
info: undefined
info: 
info: 
info: running fine
info: api: Add new user 

info: 
info: undefined
info: 
info: 
info: running fine
info: api: Add new user 

info: 
info: undefined
info: 
info: 
info: running fine
info: api: Add new user 

info: 
info: undefined
info: 
info: 
info: running fine
info: api: Add new user 

info: 
info: undefined
info: 
info: 
info: running fine
info: api: Add new user 

info: 
info: undefined
info: 
info: 
info: running fine
info: api: Add new user 

info: undefined
info: Veera@gmail.com
info: undefined
info: 
info: running fine
info: api: Add new user 

info: undefined
info: Veera@gmail.com
info: undefined
info: 
info: running fine
info: api: Add new user 

info: undefined
info: Veera@gmail.com
info: undefined
info: 
info: running fine
info: api: Add new user 

info: undefined
info: Veera@gmail.com
info: undefined
info: 
info: running fine
info: api: Add new user 

info: undefined
info: Veera@gmail.com
info: undefined
info: 
info: running fine
info: api: Add new user 

info: undefined
info: 
info: undefined
info: 
info: running fine
info: api: Add new user 

info: undefined
info: 
info: undefined
info: 
info: running fine
info: api: Add new user 

info: undefined
info: 
info: undefined
info: 
info: running fine
info: api: Add new user 

info: undefined
info: Veera@gmail.com
info: undefined
info: undefined
info: running fine
info: api: Add new user 

info: undefined
info: Veera@gmail.com
info: undefined
info: undefined
info: running fine
info: api: Add new user 

info: undefined
info: Veera@gmail.com
info: undefined
info: undefined
info: running fine
info: api: Add new user 

info: undefined
info: Veera@gmail.com
info: undefined
info: undefined
info: running fine
info: api: Add new user 

info: undefined
info: Veera@gmail.com
info: undefined
info: undefined
info: running fine
info: api: Add new user 

info: undefined
info: Veera@gmail.com
info: undefined
info: undefined
info: running fine
info: api: Add new user 

info: undefined
info: Veera@gmail.com
info: undefined
info: undefined
info: running fine
info: api: Add new user 

info: undefined
info: Veera@gmail.com
info: undefined
info: undefined
info: running fine
info: api: Add new user 

info: undefined
info: Veera@gmail.com
info: undefined
info: undefined
info: running fine
info: api: Add new user 

info: undefined
info: Veera@gmail.com
info: undefined
info: undefined
info: running fine
info: api: Add new user 

info: undefined
info: Veera@gmail.com
info: undefined
info: undefined
info: running fine
info: api: Add new user 

info: undefined
info: Veera@gmail.com
info: undefined
info: undefined
info: running fine
info: api: Add new user 

info: undefined
info: Veera@gmail.com
info: undefined
info: undefined
info: running fine
info: api: Add new user 

info: undefined
info: Veera@gmail.com
info: undefined
info: undefined
info: running fine
info: api: Add new user 

info: undefined
info: Veera@gmail.com
info: undefined
info: undefined
info: running fine
info: api: Add new user 

info: undefined
info: Veera@gmail.com
info: 54323444
info: @veera
info: running fine
info: api: Add new user 

info: undefined
info: Veera@gmail.com
info: 54323444
info: @veera
info: running fine
info: api: Add new user 

info: ehfdsd
info: Veera@gmail.com
info: 54323444
info: @veera
info: running fine
info: api: Add new user 

info: ehfdsd
info: Veera@gmail.com
info: 54323444
info: @veera
info: running fine
info: api: Add new user 

info: ehfdsd
info: Veera@gmail.com
info: 54323444
info: @veera
info: running fine
info: api: Add new user 

info: ehfdsd
info: Veera@gmail.com
info: 54323444
info: @veera
info: running fine
info: api: Add new user 

info: ehfdsd
info: Veera@gmail.com
info: 54323444
info: @veera
info: running fine
info: api: Add new user 

info: ehfdsd
info: Veera@gmail.com
info: 54323444
info: @veera
info: end of add user api
info: running fine
info: api: Add new user 

info: ehfdsd
info: Veera@gmail.com
info: 54323444
info: @veera
info: end of add user api
info: running fine
info: api: Add new user 

info: ehfdsd
info: Veera@gmail.com
info: 54323444
info: @veera
info: end of add user api
info: running fine
info: api: Add new user 

info: ehfdsd
info: Veera@gmail.com
info: 54323444
info: @veera
info: end of add user api
info: running fine
info: api: Add new user 

info: ehfdsd
info: Veera@gmail.com
info: 54323444
info: @veera
info: end of add user api
info: api: get all users 

info: Api ended 



info: no error found
info: api: get all users 

info: Api ended 



info: no error found
info: api: get all users 

info: Api ended 



info: no error found
info: api: get all users 

info: Api ended 



info: no error found
info: api: get all users 

info: Api ended 



info: no error found
info: api: get all users 

info: Api ended 



info: no error found
info: api: get all users 

info: Api ended 



info: no error found
info: api: get all users 

info: Api ended 



info: no error found
info: api: get all users 

info: Api ended 



info: no error found
info: api: get all users 

info: Api ended 



info: no error found
info: running fine
info: api: Add new user 

info: dfasdsdfg
info: adfasdfasd
info: sdfasdfasd
info: asdfasdfasdfadf
info: end of add user api
info: api: get all users 

info: Api ended 



info: no error found
info: api: get all users 

info: Api ended 



info: no error found
info: api: get all users 

info: Api ended 



info: no error found
info: running fine
info: api: Add new user 

info: Veera
info: Veera@gmail.com
info: 54323444
info: @veera
info: end of add user api
info: api: get all users 

info: Api ended 



info: no error found
info: running fine
info: api: Add new user 

info: ehfdsd
info: Veera@gmail.com
info: 54323444
info: @veera
info: end of add user api
info: api: get all users 

info: Api ended 



info: no error found
info: api: get all users 

info: Api ended 



info: no error found
info: api: get all users 

info: Api ended 



info: no error found
info: api: get all users 

info: Api ended 



info: no error found
info: api: get all users 

info: Api ended 



info: no error found
info: api: get all users 

info: Api ended 



info: no error found
info: api: get all users 

info: Api ended 



info: no error found
info: api: get all users 

info: Api ended 



info: no error found
info: api: get all users 

info: Api ended 



info: no error found
info: api: get all users 

info: Api ended 



info: no error found
info: api: get all users 

info: Api ended 



info: no error found
info: api: get all users 

info: Api ended 



info: no error found
info: api: get all users 

info: Api ended 



info: no error found
info: api: get all users 

info: Api ended 



info: no error found
info: api: get all users 

info: Api ended 



info: no error found
info: api: get all users 

info: Api ended 



info: no error found
info: running fine
info: api: Add new user 

info: Vishal
info: Veera@gmail.com
info: 54323444
info: @veera
info: end of add user api
info: api: get all users 

info: Api ended 



info: no error found
info: api: get all users 

info: Api ended 



info: no error found
info: running fine
info: api: Add new user 

info: sdfasdfasdfasdf
info: adsfasdfasdf
info: asdfasdfasd
info: sadfasfasdfadfsdfas
info: end of add user api
info: api: get all users 

info: Api ended 



info: no error found
info: api: get all users 

info: Api ended 



info: no error found
info: api: get all users 

info: Api ended 



info: no error found
info: api: get all users 

info: Api ended 



info: no error found
info: api: get all users 

info: Api ended 



info: no error found
info: api: get all users 

info: Api ended 



info: no error found
info: api: get all users 

info: Api ended 



info: no error found
info: api: get all users 

info: Api ended 



info: no error found
info: running fine
info: api: Add new user 

info: sdfsadasdfasdgasdgasfgasfgasfgasf
info: asdfasdfasdfasdfadsfasdfasdfa
info: sdfasdfasdfasdfasdfsad
info: sdfasdfasdasdfasdfasdfasd
info: end of add user api
info: api: get all users 

info: Api ended 



info: no error found
info: api: get all users 

info: Api ended 



info: no error found
info: api: get all users 

info: Api ended 



info: no error found
info: api: get all users 

info: Api ended 



info: no error found
info: api: get all users 

info: Api ended 



info: no error found
info: running fine
info: api: Add new user 

info: asdcadsafdf
info: afadasdf
info: 54323444
info: @veera
info: end of add user api
info: running fine
info: api: Add new user 

info: Ryan
info: Veera@gmail.com
info: 54323444
info: @veera
info: end of add user api
info: api: get all users 

info: Api ended 



info: no error found
info: running fine
info: api: Add new user 

info: fsdgsfdgs
info: fsdfsdfs
info: sdfsdfs
info: sdfsdf
info: end of add user api
info: api: get all users 

info: Api ended 



info: no error found
info: api: get all users 

info: Api ended 



info: no error found
info: api: get all users 

info: Api ended 



info: no error found
info: api: get all users 

info: Api ended 



info: no error found
info: api: get all users 

info: Api ended 



info: no error found
info: api: get all users 

info: Api ended 



info: no error found
info: api: get all users 

info: Api ended 



info: no error found
info: api: get all users 

info: Api ended 



info: no error found
info: api: get all users 

info: Api ended 



info: no error found
info: api: get all users 

info: Api ended 



info: no error found
info: api: get all users 

info: Api ended 



info: no error found
info: api: get all users 

info: Api ended 



info: no error found
info: api: get all users 

info: Api ended 



info: no error found
info: api: get all users 

info: Api ended 



info: no error found
info: api: get all users 

info: Api ended 



info: no error found
info: api: get all users 

info: Api ended 



info: running fine
info: api: Add new user 

info: ehfdsd
info: Veera@gmail.com
info: 54323444
info: @veera
info: end of add user api
info: no error found
info: api: get all users 

info: Api ended 



info: no error found
info: running fine
info: api: Add new user 

info: for all my life
info: Veera@gmail.com
info: 54323444
info: @veera
info: end of add user api
info: api: get all users 

info: Api ended 



info: no error found
info: api: get all users 

info: Api ended 



info: running fine
info: api: Add new user 

info: ehfdsd
info: Veera@gmail.com
info: 54323444
info: @veera
info: end of add user api
info: no error found
info: api: get all users 

info: Api ended 



info: no error found
info: running fine
info: api: Add new user 

info: ehfdsd
info: Veera@gmail.com
info: 54323444
info: @veera
info: end of add user api
info: api: get all users 

info: Api ended 



info: no error found
info: running fine
info: api: Add new user 

info: abcde
info: asdasda
info: 54323444
info: @veera
info: end of add user api
info: api: get all users 

info: Api ended 



info: no error found
info: api: get all users 

info: Api ended 



info: no error found
info: running fine
info: api: Add new user 

info: country road
info: Veera@gmail.com
info: 54323444
info: @veera
info: end of add user api
info: api: get all users 

info: Api ended 



info: no error found
info: running fine
info: api: Add new user 

info: testing
info: Veera@gmail.com
info: 54323444
info: @veera
info: end of add user api
info: api: get all users 

info: Api ended 



info: no error found
info: running fine
info: api: Add new user 

info: testing2
info: Veera@gmail.com
info: 54323444
info: @veera
info: end of add user api
info: api: get all users 

info: Api ended 



info: no error found
info: api: get all users 

info: Api ended 



info: no error found
info: api: get all users 

info: Api ended 



info: no error found
info: api: get all users 

info: Api ended 



info: no error found
info: api: get all users 

info: Api ended 



info: no error found
info: api: get all users 

info: Api ended 



info: no error found
info: api: get all users 

info: Api ended 



info: no error found
info: api: get all users 

info: Api ended 



info: no error found
info: api: get all users 

info: Api ended 



info: no error found
info: api: get all users 

info: Api ended 



info: no error found
info: api: get all users 

info: Api ended 



info: no error found
info: api: get all users 

info: Api ended 



info: no error found
info: api: get all users 

info: Api ended 



info: no error found
info: api: get all users 

info: Api ended 



info: no error found
info: api: get all users 

info: Api ended 



info: no error found
info: api: get all users 

info: Api ended 



info: no error found
info: api: get all users 

info: Api ended 



info: no error found
info: api: get all users 

info: Api ended 



info: no error found
info: api: get all users 

info: Api ended 



info: no error found
info: api: get all users 

info: Api ended 



info: no error found
info: api: get all users 

info: Api ended 



info: no error found
info: api: get all users 

info: Api ended 



info: no error found
info: running fine
info: api: Add new user 

info: ehfdsd
info: Veera@gmail.com
info: 54323444
info: @veera
info: end of add user api
info: api: get all users 

info: Api ended 



info: no error found
info: api: get all users 

info: Api ended 



info: no error found
info: api: get all users 

info: Api ended 



info: no error found
info: api: get all users 

info: Api ended 



info: no error found
info: running fine
info: api: Add new user 

info: ehfdsd
info: Veera@gmail.com
info: sdfasdfasd
info: @veera
info: end of add user api
info: api: get all users 

info: Api ended 



info: no error found
info: api: get all users 

info: Api ended 



info: no error found
info: api: get all users 

info: Api ended 



info: no error found
info: api: get all users 

info: Api ended 



info: no error found
info: running fine
info: api: Add new user 

info: ehfdsd
info: Veera@gmail.com
info: 54323444
info: @veera
info: end of add user api
info: api: get all users 

info: Api ended 



info: no error found
info: api: get all users 

info: Api ended 



info: no error found
info: api: get all users 

info: Api ended 



info: no error found
info: api: get all users 

info: Api ended 



info: no error found
info: api: get all users 

info: Api ended 



info: no error found
info: running fine
info: api: Add new user 

info: ehfdsd
info: Veera@gmail.com
info: 54323444
info: @veera
info: end of add user api
info: api: get all users 

info: Api ended 



info: no error found
info: api: get all users 

info: Api ended 



info: no error found
info: api: get all users 

info: Api ended 



info: no error found
info: running fine
info: api: Add new user 

info: ehfdsd
info: Veera@gmail.com
info: 54323444
info: @veera
info: end of add user api
info: api: get all users 

info: Api ended 



info: no error found
info: api: get all users 

info: Api ended 



info: no error found
info: running fine
info: api: Add new user 

info: ehfdsd
info: Veera@gmail.com
info: 54323444
info: @veera
info: end of add user api
info: api: get all users 

info: Api ended 



info: no error found
info: running fine
info: api: Add new user 

info: marauder II
info: sadas
info: asdsad
info: asd
info: end of add user api
info: running fine
info: api: Add new user 

info: marauder
info: sad
info: asdsad
info: asd
info: end of add user api
info: running fine
info: api: Add new user 

info: marauder
info: sadas
info: asd
info: 768
info: end of add user api
info: running fine
info: api: Add new user 

info: undefined
info: undefined
info: undefined
info: undefined
info: running fine
info: api: Add new user 

info: undefined
info: undefined
info: undefined
info: undefined
info: running
info: post api: new post 

info: undefined
info: undefined
info: running
info: post api: new post 

info: undefined
info: undefined
info: running
info: post api: new post 

info: [object Object]
info: undefined
info: running
info: post api: new post 

info: running
info: post api: new post 

info: undefined
info: undefined
info: running
info: post api: new post 

info: dddd
info: ddddd
info: running
info: post api: new post 

info: d
info: d
info: end of add post api
info: running
info: post api: new post 

info: d
info: d
info: end of add post api
info: running
info: post api: new post 

info: sd
info: ds
info: end of add post api
info: running
info: post api: new post 

info: strokov
info: yes lizard funni
info: end of add post api
info: running
info: post api: new post 

info: t
info: t
info: end of add post api
info: running
info: post api: new get API 

info: undefined
info: undefined
info: running
info: post api: new get API 

info: undefined
info: undefined
info: running
info: post api: new post 

info: yes
info: no
info: end of add post api
info: running
info: post api: new get API 

info: undefined
info: undefined
info: running
info: post api: new get API 

info: 1
info: successfully retrieved
info: running
info: post api: new get API 

info: 1
info: successfully retrieved
info: running
info: post api: new get API 

info: 1
info: successfully retrieved
info: running
info: post api: new get API 

info: 1
info: successfully retrieved
info: running
info: post api: new get API 

info: 1
info: successfully retrieved
info: running
info: post api: new get API 

info: 1
info: successfully retrieved
info: running
info: post api: new post 

info: hopo
info: hmm
info: end of add post api
info: running
info: post api: new get API 

info: 1
info: running
info: post api: new get API 

info: 1
info: successfully retrieved
info: running
info: post api: new get API 

info: 2
info: successfully retrieved
info: running
info: post api: new get API 

info: 
info: error: Cannot find records
info: running
info: post api: new get API 

info: 
info: error: Cannot find records
info: running
info: post api: new get API 

info: 
info: error: Cannot find records
info: running
info: post api: new get API 

info: 1
info: successfully retrieved
info: running
info: post api: new get API 

info: 1
info: successfully retrieved
info: running
info: post api: new get API 

info: 1
info: successfully retrieved
info: running
info: post api: new get API 

info: 1
info: successfully retrieved
info: running
info: post api: new get API 

info: 1
info: successfully retrieved
info: running
info: post api: new get API 

info: 1
info: successfully retrieved
info: running
info: post api: new post 

info: 34
info: 34
info: end of add post api
info: running
info: post api: new post 

info:      
info:     
info: end of add post api
info: running
info: post api: new get API 

info: undefined
info: successfully retrieved
info: running
info: post api: new get API 

info: undefined
info: successfully retrieved
info: running
info: post api: new post 

info: yes
info: yes
info: end of add post api
info: running
info: post api: new get API 

info: undefined
info: successfully retrieved
info: running
info: post api: new get API 

info: undefined
info: successfully retrieved
info: running
info: post api: new post 

info: no
info: no
info: end of add post api
info: running
info: post api: new get API 

info: undefined
info: successfully retrieved
info: running
info: post api: new post 

info: title
info: content
info: end of add post api
info: running
info: post api: new get API 

info: undefined
info: successfully retrieved
info: running
info: post api: new get API 

info: undefined
info: successfully retrieved
info: running
info: post api: new get API 

info: undefined
info: successfully retrieved
info: running
info: post api: new post 

info: 3 blind mice
info: michael Rodent
info: end of add post api
info: running
info: post api: new get API 

info: undefined
info: successfully retrieved
info: running
info: post api: new post 

info: very good
info: yes
info: end of add post api
info: running
info: post api: new get API 

info: undefined
info: successfully retrieved
info: running
info: post api: new get API 

info: undefined
info: successfully retrieved
info: running
info: post api: new get API 

info: undefined
info: successfully retrieved
info: running
info: post api: new post 

info: new Title
info: new Content
info: end of add post api
info: running
info: post api: new post 

info: ssss
info: ssss
info: end of add post api
info: running
info: post api: new get API 

info: undefined
info: successfully retrieved
info: running
info: post api: new post 

info: sdasd    
info:    
info: end of add post api
info: running
info: post api: new get Latest API 

info: successfully retrieved
info: running
info: post api: new post 

info: ttt
info: ttt
info: end of add post api
info: running
info: post api: new get Latest API 

info: successfully retrieved
info: running
info: post api: new post 

info: sea as das   
info:    dasdasd   
info: end of add post api
info: running
info: post api: new get Latest API 

info: successfully retrieved
info: running
info: post api: new post 

info:    
info:    
info: end of add post api
info: running
info: post api: new get Latest API 

info: successfully retrieved
info: running
info: post api: new post 

info:    
info:    
info: end of add post api
info: running
info: post api: new get Latest API 

info: successfully retrieved
info: running
info: post api: new post 

info: sdsd
info: sdsd
info: end of add post api
info: running
info: post api: new get Latest API 

info: successfully retrieved
info: running
info: post api: new post 

info:    
info:    
info: end of add post api
info: running
info: post api: new get Latest API 

info: successfully retrieved
info: running
info: post api: new post 

info: title
info: content
info: end of add post api
info: running
info: post api: new get Latest API 

info: successfully retrieved
info: running
info: post api: new post 

info:    
info:    
info: end of add post api
info: running
info: post api: new get Latest API 

info: successfully retrieved
info: running
info: post api: new post 

info: title
info: c
info: end of add post api
info: running
info: post api: new get Latest API 

info: successfully retrieved
info: running
info: post api: new post 

info:    
info:    
info: end of add post api
info: running
info: post api: new get Latest API 

info: successfully retrieved
info: running
info: post api: new post 

info: p
info: s
info: end of add post api
info: running
info: post api: new get Latest API 

info: successfully retrieved
info: running
info: post api: new post 

info:    
info:    
info: end of add post api
info: running
info: post api: new get Latest API 

info: successfully retrieved
info: running
info: post api: new post 

info: sss
info: sss
info: end of add post api
info: running
info: post api: new get Latest API 

info: successfully retrieved
info: running
info: post api: new get Latest API 

info: successfully retrieved
info: running
info: post api: new get Latest API 

info: successfully retrieved
info: running
info: post api: new post 

info:    
info:    
info: end of add post api
info: running
info: post api: new get Latest API 

info: successfully retrieved
info: running
info: post api: new post 

info:    yes   
info:     sdsd
info: end of add post api
info: running
info: post api: new get Latest API 

info: successfully retrieved
info: running
info: post api: new post 

info:    
info:    
info: running
info: post api: new get Latest API 

info: successfully retrieved
